\BOOKMARK [1][-]{section.1}{Introducci\363n}{}% 1
\BOOKMARK [1][-]{section.2}{Objetivos}{}% 2
\BOOKMARK [2][-]{subsection.2.1}{Objetivo General}{section.2}% 3
\BOOKMARK [2][-]{subsection.2.2}{Objetivos Espec\355ficos}{section.2}% 4
\BOOKMARK [1][-]{section.3}{Motivaci\363n}{}% 5
\BOOKMARK [1][-]{section.4}{Marco Te\363rico}{}% 6
\BOOKMARK [2][-]{subsection.4.1}{Marco Normativo}{section.4}% 7
\BOOKMARK [2][-]{subsection.4.2}{Definiciones y Conceptos}{section.4}% 8
\BOOKMARK [3][-]{subsubsection.4.2.1}{\301mbito Privado}{subsection.4.2}% 9
\BOOKMARK [3][-]{subsubsection.4.2.2}{\301mbito P\372blico}{subsection.4.2}% 10
\BOOKMARK [2][-]{subsection.4.3}{Software}{section.4}% 11
\BOOKMARK [1][-]{section.5}{Descripci\363n de la Base de Datos}{}% 12
\BOOKMARK [2][-]{subsection.5.1}{Origen}{section.5}% 13
\BOOKMARK [2][-]{subsection.5.2}{Variables de Inter\351s}{section.5}% 14
\BOOKMARK [1][-]{section.6}{Metodolog\355a}{}% 15
\BOOKMARK [2][-]{subsection.6.1}{Indicadores y Fichas de Indicadores}{section.6}% 16
\BOOKMARK [2][-]{subsection.6.2}{Tratamiento sobre la base de datos}{section.6}% 17
\BOOKMARK [2][-]{subsection.6.3}{Visualizaci\363n de la Informaci\363n}{section.6}% 18
\BOOKMARK [2][-]{subsection.6.4}{Armado de la Plataforma}{section.6}% 19
\BOOKMARK [1][-]{section.7}{Resultados y An\341lisis}{}% 20
\BOOKMARK [1][-]{section.8}{Conclusiones y Recomendaciones}{}% 21
\BOOKMARK [2][-]{subsection.8.1}{Conclusiones}{section.8}% 22
\BOOKMARK [2][-]{subsection.8.2}{Recomendaciones}{section.8}% 23
\BOOKMARK [1][-]{subsection.8.2}{Referencias}{}% 24
